<?xml version="1.0" encoding="UTF-8"?>
<!-- Generated by org.testng.reporters.JUnitXMLReporter -->
<testsuite ignored="3" hostname="QA1082" failures="0" tests="1" name="Default test" time="11.894" errors="0" timestamp="2025-08-02T23:50:19 IST">
  <testcase classname="com.ui.test.LogInPageTest" name="logInPageTest" time="2.644"/>
  <testcase classname="com.ui.test.LogInPageTest" name="logInPageJSONTest" time="0.0">
    <ignored/>
  </testcase> <!-- logInPageJSONTest -->
  <testcase classname="com.ui.test.LogInPageTest" name="logInPageCSVTest" time="0.0">
    <ignored/>
  </testcase> <!-- logInPageCSVTest -->
  <testcase classname="com.ui.test.LogInPageTest" name="logInPageExcelTest" time="0.0">
    <ignored/>
  </testcase> <!-- logInPageExcelTest -->
</testsuite> <!-- Default test -->
