<?xml version="1.0" encoding="UTF-8"?>
<!-- Generated by org.testng.reporters.JUnitXMLReporter -->
<testsuite ignored="3" hostname="QA1082" failures="0" tests="1" name="Default test" time="17.611" errors="0" timestamp="2025-04-18T17:54:32 IST">
  <testcase classname="com.ui.test.LogInPageTest" name="logInPageExcelTest" time="2.664"/>
  <testcase classname="com.ui.test.LogInPageTest" name="logInPageTest" time="0.0">
    <ignored/>
  </testcase> <!-- logInPageTest -->
  <testcase classname="com.ui.test.LogInPageTest" name="logInPageJSONTest" time="0.0">
    <ignored/>
  </testcase> <!-- logInPageJSONTest -->
  <testcase classname="com.ui.test.LogInPageTest" name="logInPageCSVTest" time="0.0">
    <ignored/>
  </testcase> <!-- logInPageCSVTest -->
</testsuite> <!-- Default test -->
